--- Copying files at Tue Aug 20 17:05:03 UTC 2024
--- Copied files finished at Tue Aug 20 17:05:03 UTC 2024
--- Copying files at Tue Aug 20 17:06:37 UTC 2024
--- Copied files finished at Tue Aug 20 17:06:37 UTC 2024
--- Copying files at Tue Aug 20 19:38:04 UTC 2024
--- Copied files finished at Tue Aug 20 19:38:04 UTC 2024
--- Copying files at Tue Aug 20 20:09:04 UTC 2024
--- Copied files finished at Tue Aug 20 20:09:04 UTC 2024
--- Copying files at Tue Aug 20 20:35:18 UTC 2024
--- Copied files finished at Tue Aug 20 20:35:18 UTC 2024
--- Copying files at Tue Aug 20 20:37:03 UTC 2024
--- Copied files finished at Tue Aug 20 20:37:03 UTC 2024
--- Copying files at Tue Aug 20 22:01:13 UTC 2024
--- Copied files finished at Tue Aug 20 22:01:13 UTC 2024
--- Copying files at Tue Aug 20 23:35:09 UTC 2024
--- Copied files finished at Tue Aug 20 23:35:09 UTC 2024
--- Copying files at Fri Aug 30 21:53:14 UTC 2024
--- Copied files finished at Fri Aug 30 21:53:14 UTC 2024
--- Copying files at Fri Aug 30 22:20:39 UTC 2024
--- Copied files finished at Fri Aug 30 22:20:39 UTC 2024
--- Copying files at Fri Aug 30 22:37:57 UTC 2024
--- Copied files finished at Fri Aug 30 22:37:57 UTC 2024
--- Copying files at Fri Aug 30 22:44:14 UTC 2024
--- Copied files finished at Fri Aug 30 22:44:14 UTC 2024
--- Copying files at Fri Aug 30 22:54:54 UTC 2024
--- Copying files at Fri Aug 30 22:58:16 UTC 2024
--- Copied files finished at Fri Aug 30 22:58:16 UTC 2024
--- Copying files at Fri Aug 30 23:02:08 UTC 2024
--- Copied files finished at Fri Aug 30 23:02:08 UTC 2024
--- Copying files at Fri Aug 30 23:04:49 UTC 2024
--- Copied files finished at Fri Aug 30 23:04:49 UTC 2024
--- Copying files at Fri Aug 30 23:06:22 UTC 2024
--- Copied files finished at Fri Aug 30 23:06:22 UTC 2024
--- Copying files at Fri Aug 30 23:08:50 UTC 2024
--- Copied files finished at Fri Aug 30 23:08:50 UTC 2024
--- Copying files at Fri Aug 30 23:08:53 UTC 2024
--- Copied files finished at Fri Aug 30 23:08:53 UTC 2024
--- Copying files at Fri Aug 30 23:10:35 UTC 2024
--- Copied files finished at Fri Aug 30 23:10:35 UTC 2024
--- Copying files at Fri Aug 30 23:10:42 UTC 2024
--- Copied files finished at Fri Aug 30 23:10:42 UTC 2024
--- Copying files at Sat Aug 31 03:47:12 UTC 2024
--- Copied files finished at Sat Aug 31 03:47:12 UTC 2024
--- Copying files at Sat Aug 31 03:53:08 UTC 2024
--- Copied files finished at Sat Aug 31 03:53:08 UTC 2024
--- Copying files at Sat Aug 31 03:56:57 UTC 2024
--- Copied files finished at Sat Aug 31 03:56:57 UTC 2024
--- Copying files at Sat Aug 31 03:58:46 UTC 2024
--- Copied files finished at Sat Aug 31 03:58:46 UTC 2024
--- Copying files at Sat Aug 31 09:04:32 UTC 2024
--- Copied files finished at Sat Aug 31 09:04:32 UTC 2024
--- Copying files at Sat Aug 31 09:46:51 UTC 2024
--- Copied files finished at Sat Aug 31 09:46:51 UTC 2024
--- Copying files at Sat Aug 31 20:00:47 UTC 2024
--- Copied files finished at Sat Aug 31 20:00:47 UTC 2024
--- Copying files at Sat Aug 31 22:32:39 UTC 2024
--- Copied files finished at Sat Aug 31 22:32:39 UTC 2024
--- Copying files at Sun Sep  1 03:09:07 UTC 2024
--- Copied files finished at Sun Sep  1 03:09:07 UTC 2024
--- Copying files at Sun Sep  1 03:13:23 UTC 2024
--- Copied files finished at Sun Sep  1 03:13:23 UTC 2024
--- Copying files at Sat Sep  7 06:12:00 UTC 2024
--- Copied files finished at Sat Sep  7 06:12:00 UTC 2024
--- Copying files at Sat Sep  7 15:39:55 UTC 2024
--- Copied files finished at Sat Sep  7 15:39:55 UTC 2024
--- Copying files at Sun Sep  8 06:44:57 UTC 2024
--- Copied files finished at Sun Sep  8 06:44:57 UTC 2024
--- Copying files at Tue Sep 10 02:40:23 UTC 2024
--- Copied files finished at Tue Sep 10 02:40:23 UTC 2024
--- Copying files at Tue Sep 10 06:45:35 UTC 2024
--- Copied files finished at Tue Sep 10 06:45:35 UTC 2024
