Started at Tue Sep 10 09:57:32 UTC 2024
Processing scrapy-pipeline/scrapy-pipeline-build-image
Offering scrapy-pipeline/scrapy-pipeline-build-image to Project Build Discarder
Processing scrapy-pipeline/scrapy-pipeline-deploy-errorlog
Offering scrapy-pipeline/scrapy-pipeline-deploy-errorlog to Project Build Discarder
Processing scrapy-pipeline/scrapy-pipeline-deploy-jobs
Offering scrapy-pipeline/scrapy-pipeline-deploy-jobs to Project Build Discarder
Processing scrapy-pipeline/scrapy-pipeline-main
Offering scrapy-pipeline/scrapy-pipeline-main to Project Build Discarder
Processing scrapy-pipeline/scrapy-pipeline-pause-job
Offering scrapy-pipeline/scrapy-pipeline-pause-job to Project Build Discarder
Processing scrapy-pipeline/scrapy-pipeline-resume-job
Offering scrapy-pipeline/scrapy-pipeline-resume-job to Project Build Discarder
Processing scrapy-pipeline/scrapy-pipeline-update-job
Offering scrapy-pipeline/scrapy-pipeline-update-job to Project Build Discarder
Processing scrapy-pipeline/scrapy-pipeline-wait-for-job-completion
Offering scrapy-pipeline/scrapy-pipeline-wait-for-job-completion to Project Build Discarder
Finished at Tue Sep 10 09:57:32 UTC 2024. 19ms
Started at Tue Sep 10 10:57:32 UTC 2024
Processing scrapy-pipeline/scrapy-pipeline-build-image
Offering scrapy-pipeline/scrapy-pipeline-build-image to Project Build Discarder
Processing scrapy-pipeline/scrapy-pipeline-deploy-errorlog
Offering scrapy-pipeline/scrapy-pipeline-deploy-errorlog to Project Build Discarder
Processing scrapy-pipeline/scrapy-pipeline-deploy-jobs
Offering scrapy-pipeline/scrapy-pipeline-deploy-jobs to Project Build Discarder
Processing scrapy-pipeline/scrapy-pipeline-main
Offering scrapy-pipeline/scrapy-pipeline-main to Project Build Discarder
Processing scrapy-pipeline/scrapy-pipeline-pause-job
Offering scrapy-pipeline/scrapy-pipeline-pause-job to Project Build Discarder
Processing scrapy-pipeline/scrapy-pipeline-resume-job
Offering scrapy-pipeline/scrapy-pipeline-resume-job to Project Build Discarder
Processing scrapy-pipeline/scrapy-pipeline-update-job
Offering scrapy-pipeline/scrapy-pipeline-update-job to Project Build Discarder
Processing scrapy-pipeline/scrapy-pipeline-wait-for-job-completion
Offering scrapy-pipeline/scrapy-pipeline-wait-for-job-completion to Project Build Discarder
Finished at Tue Sep 10 10:57:32 UTC 2024. 4ms
Started at Tue Sep 10 23:17:45 UTC 2024
Processing scrapy-pipeline/scrapy-pipeline-build-image
Offering scrapy-pipeline/scrapy-pipeline-build-image to Project Build Discarder
Processing scrapy-pipeline/scrapy-pipeline-deploy-errorlog
Offering scrapy-pipeline/scrapy-pipeline-deploy-errorlog to Project Build Discarder
Processing scrapy-pipeline/scrapy-pipeline-deploy-jobs
Offering scrapy-pipeline/scrapy-pipeline-deploy-jobs to Project Build Discarder
Processing scrapy-pipeline/scrapy-pipeline-main
Offering scrapy-pipeline/scrapy-pipeline-main to Project Build Discarder
Processing scrapy-pipeline/scrapy-pipeline-pause-job
Offering scrapy-pipeline/scrapy-pipeline-pause-job to Project Build Discarder
Processing scrapy-pipeline/scrapy-pipeline-resume-job
Offering scrapy-pipeline/scrapy-pipeline-resume-job to Project Build Discarder
Processing scrapy-pipeline/scrapy-pipeline-update-job
Offering scrapy-pipeline/scrapy-pipeline-update-job to Project Build Discarder
Processing scrapy-pipeline/scrapy-pipeline-wait-for-job-completion
Offering scrapy-pipeline/scrapy-pipeline-wait-for-job-completion to Project Build Discarder
Finished at Tue Sep 10 23:17:45 UTC 2024. 3ms
Started at Wed Sep 11 00:17:45 UTC 2024
Processing scrapy-pipeline/scrapy-pipeline-build-image
Offering scrapy-pipeline/scrapy-pipeline-build-image to Project Build Discarder
Processing scrapy-pipeline/scrapy-pipeline-deploy-errorlog
Offering scrapy-pipeline/scrapy-pipeline-deploy-errorlog to Project Build Discarder
Processing scrapy-pipeline/scrapy-pipeline-deploy-jobs
Offering scrapy-pipeline/scrapy-pipeline-deploy-jobs to Project Build Discarder
Processing scrapy-pipeline/scrapy-pipeline-main
Offering scrapy-pipeline/scrapy-pipeline-main to Project Build Discarder
Processing scrapy-pipeline/scrapy-pipeline-pause-job
Offering scrapy-pipeline/scrapy-pipeline-pause-job to Project Build Discarder
Processing scrapy-pipeline/scrapy-pipeline-resume-job
Offering scrapy-pipeline/scrapy-pipeline-resume-job to Project Build Discarder
Processing scrapy-pipeline/scrapy-pipeline-update-job
Offering scrapy-pipeline/scrapy-pipeline-update-job to Project Build Discarder
Processing scrapy-pipeline/scrapy-pipeline-wait-for-job-completion
Offering scrapy-pipeline/scrapy-pipeline-wait-for-job-completion to Project Build Discarder
Finished at Wed Sep 11 00:17:45 UTC 2024. 4ms
