Started at Fri Sep 06 11:03:07 UTC 2024
Checking scrapy-pipeline-build-image
Deleting /var/jenkins_home/workspace/scrapy-pipeline-build-image on Jenkins
Deleting /home/mypi/workspace/scrapy-pipeline-build-image on mypi
Checking scrapy-pipeline-deploy-errorlog
Deleting /var/jenkins_home/workspace/scrapy-pipeline-deploy-errorlog on Jenkins
Deleting /home/mypi/workspace/scrapy-pipeline-deploy-errorlog on mypi
Checking scrapy-pipeline-deploy-jobs
Deleting /var/jenkins_home/workspace/scrapy-pipeline-deploy-jobs on Jenkins
Deleting /home/mypi/workspace/scrapy-pipeline-deploy-jobs on mypi
Checking scrapy-pipeline-main
Checking scrapy-pipeline-pause-job
Deleting /var/jenkins_home/workspace/scrapy-pipeline-pause-job on Jenkins
Deleting /home/mypi/workspace/scrapy-pipeline-pause-job on mypi
Checking scrapy-pipeline-resume-job
Checking scrapy-pipeline-update-job
Deleting /var/jenkins_home/workspace/scrapy-pipeline-update-job on Jenkins
Deleting /home/mypi/workspace/scrapy-pipeline-update-job on mypi
Checking scrapy-pipeline-wait-for-job-completion
Finished at Fri Sep 06 11:03:08 UTC 2024. 914ms
